<?xml version="1.0" encoding="UTF-8"?>
<!-- Generated by org.testng.reporters.JUnitReportReporter -->
<testsuite skipped="0" hostname="ojas-dd588" name="taskuu.ppty" tests="1" failures="0" timestamp="14 Dec 2022 06:26:40 GMT" time="5.396" errors="0">
  <testcase name="hyd" time="5.396" classname="taskuu.ppty"/>
</testsuite> <!-- taskuu.ppty -->
