<?xml version="1.0" encoding="UTF-8"?>
<!-- Generated by org.testng.reporters.JUnitReportReporter -->
<testsuite name="qaTest.Report2" tests="2" time="6.897" ignored="0" failures="0" timestamp="14 Apr 2023 04:51:04 GMT" skipped="0" hostname="ojas-dd588" errors="0">
  <testcase name="location" time="0.559" classname="qaTest.Report2"/>
  <testcase name="login" time="6.338" classname="qaTest.Report2"/>
</testsuite> <!-- qaTest.Report2 -->
