<?xml version="1.0" encoding="UTF-8"?>
<!-- Generated by org.testng.reporters.JUnitReportReporter -->
<testsuite name="qaTest.report3" tests="3" time="8.609" ignored="0" failures="0" timestamp="14 Apr 2023 05:10:17 GMT" skipped="0" hostname="ojas-dd588" errors="0">
  <testcase name="login" time="4.710" classname="qaTest.report3"/>
  <testcase name="location" time="0.465" classname="qaTest.report3"/>
  <testcase name="re" time="3.434" classname="qaTest.report3"/>
</testsuite> <!-- qaTest.report3 -->
