<?xml version="1.0" encoding="UTF-8"?>
<!-- Generated by org.testng.reporters.JUnitReportReporter -->
<testsuite name="qaTest.priorty" tests="2" time="0.008" ignored="0" failures="0" timestamp="12 Apr 2023 09:41:33 GMT" skipped="0" hostname="ojas-dd588" errors="0">
  <testcase name="a" time="0.001" classname="qaTest.priorty"/>
  <testcase name="z" time="0.007" classname="qaTest.priorty"/>
</testsuite> <!-- qaTest.priorty -->
