<?xml version="1.0" encoding="UTF-8"?>
<!-- Generated by org.testng.reporters.JUnitReportReporter -->
<testsuite name="qaTest.Reportsssss" tests="1" time="8.051" ignored="0" failures="0" timestamp="20 Apr 2023 09:44:05 GMT" skipped="0" hostname="ojas-dd588" errors="0">
  <testcase name="login" time="8.051" classname="qaTest.Reportsssss"/>
</testsuite> <!-- qaTest.Reportsssss -->
