<?xml version="1.0" encoding="UTF-8"?>
<!-- Generated by org.testng.reporters.JUnitReportReporter -->
<testsuite skipped="0" hostname="ojas-dd588" name="first.extend$ExtentDemo" tests="1" failures="0" timestamp="08 Mar 2023 14:28:17 GMT" time="7.434" errors="0">
  <testcase name="extentReportsDemo" time="7.434" classname="first.extend$ExtentDemo"/>
</testsuite> <!-- first.extend$ExtentDemo -->
