<?xml version="1.0" encoding="UTF-8"?>
<!-- Generated by org.testng.reporters.JUnitReportReporter -->
<testsuite name="testscript.RunScript" tests="1" time="2.130" ignored="0" failures="0" timestamp="20 Mar 2023 09:46:08 GMT" skipped="0" hostname="ojas-dd588" errors="0">
  <testcase name="script" time="2.130" classname="testscript.RunScript"/>
</testsuite> <!-- testscript.RunScript -->
